<?xml version="1.0" encoding="UTF-8"?>
<!-- Generated by org.testng.reporters.JUnitReportReporter -->
<testsuite hostname="PT076LT" failures="0" tests="1" name="runnerClass.CucumberWebSampleTest" time="3.878" errors="0" timestamp="2024-05-31T17:58:37 IST" skipped="0">
  <testcase classname="runnerClass.CucumberWebSampleTest" name="runScenario" time="3.878"/>
  <system-out/>
</testsuite> <!-- runnerClass.CucumberWebSampleTest -->
